{"/Users/hilalkocak/projects/Node-ArmaganAmcalarCourse/Course/index.js": {"path":"/Users/hilalkocak/projects/Node-ArmaganAmcalarCourse/Course/index.js","statementMap":{"0":{"start":{"line":1,"column":16},"end":{"line":1,"column":34}},"1":{"start":{"line":4,"column":20},"end":{"line":4,"column":45}},"2":{"start":{"line":5,"column":20},"end":{"line":5,"column":45}},"3":{"start":{"line":6,"column":21},"end":{"line":6,"column":47}},"4":{"start":{"line":7,"column":20},"end":{"line":7,"column":45}},"5":{"start":{"line":9,"column":20},"end":{"line":9,"column":45}},"6":{"start":{"line":10,"column":0},"end":{"line":10,"column":29}},"7":{"start":{"line":11,"column":19},"end":{"line":11,"column":41}},"8":{"start":{"line":13,"column":12},"end":{"line":13,"column":21}},"9":{"start":{"line":15,"column":0},"end":{"line":15,"column":26}},"10":{"start":{"line":16,"column":0},"end":{"line":16,"column":29}},"11":{"start":{"line":18,"column":0},"end":{"line":18,"column":30}},"12":{"start":{"line":19,"column":0},"end":{"line":19,"column":30}},"13":{"start":{"line":20,"column":0},"end":{"line":20,"column":32}},"14":{"start":{"line":21,"column":0},"end":{"line":21,"column":30}},"15":{"start":{"line":23,"column":0},"end":{"line":23,"column":25}},"16":{"start":{"line":25,"column":0},"end":{"line":25,"column":20}}},"fnMap":{},"branchMap":{},"s":{"0":4,"1":4,"2":4,"3":4,"4":4,"5":4,"6":4,"7":4,"8":4,"9":4,"10":4,"11":4,"12":4,"13":4,"14":4,"15":4,"16":4},"f":{},"b":{},"_coverageSchema":"1a1c01bbd47fc00a2c39e90264f33305004495a9","hash":"1b91e2ebb3c26845632b07b9cbd12d844792131e"}
,"/Users/hilalkocak/projects/Node-ArmaganAmcalarCourse/Course/models/book.js": {"path":"/Users/hilalkocak/projects/Node-ArmaganAmcalarCourse/Course/models/book.js","statementMap":{"0":{"start":{"line":1,"column":17},"end":{"line":1,"column":36}},"1":{"start":{"line":2,"column":19},"end":{"line":2,"column":27}},"2":{"start":{"line":3,"column":19},"end":{"line":23,"column":2}},"3":{"start":{"line":27,"column":0},"end":{"line":27,"column":52}},"4":{"start":{"line":28,"column":0},"end":{"line":28,"column":51}}},"fnMap":{},"branchMap":{},"s":{"0":4,"1":4,"2":4,"3":4,"4":4},"f":{},"b":{},"_coverageSchema":"1a1c01bbd47fc00a2c39e90264f33305004495a9","hash":"e8354cc4c82446703ade4ff9af4b421c67d1c207"}
,"/Users/hilalkocak/projects/Node-ArmaganAmcalarCourse/Course/models/genre.js": {"path":"/Users/hilalkocak/projects/Node-ArmaganAmcalarCourse/Course/models/genre.js","statementMap":{"0":{"start":{"line":1,"column":17},"end":{"line":1,"column":36}},"1":{"start":{"line":2,"column":19},"end":{"line":2,"column":27}},"2":{"start":{"line":3,"column":20},"end":{"line":12,"column":2}},"3":{"start":{"line":14,"column":0},"end":{"line":14,"column":53}},"4":{"start":{"line":15,"column":0},"end":{"line":15,"column":53}}},"fnMap":{},"branchMap":{},"s":{"0":4,"1":4,"2":4,"3":4,"4":4},"f":{},"b":{},"_coverageSchema":"1a1c01bbd47fc00a2c39e90264f33305004495a9","hash":"73383c869534653e31b6cccad5676b60c934667f"}
,"/Users/hilalkocak/projects/Node-ArmaganAmcalarCourse/Course/models/post.js": {"path":"/Users/hilalkocak/projects/Node-ArmaganAmcalarCourse/Course/models/post.js","statementMap":{"0":{"start":{"line":1,"column":17},"end":{"line":1,"column":36}},"1":{"start":{"line":3,"column":19},"end":{"line":3,"column":27}},"2":{"start":{"line":5,"column":19},"end":{"line":19,"column":2}},"3":{"start":{"line":21,"column":0},"end":{"line":21,"column":52}},"4":{"start":{"line":23,"column":0},"end":{"line":23,"column":51}}},"fnMap":{},"branchMap":{},"s":{"0":4,"1":4,"2":4,"3":4,"4":4},"f":{},"b":{},"_coverageSchema":"1a1c01bbd47fc00a2c39e90264f33305004495a9","hash":"2aeb71f448b5ed5c55b74fd02087d6d501d059b8"}
,"/Users/hilalkocak/projects/Node-ArmaganAmcalarCourse/Course/models/user.js": {"path":"/Users/hilalkocak/projects/Node-ArmaganAmcalarCourse/Course/models/user.js","statementMap":{"0":{"start":{"line":1,"column":17},"end":{"line":1,"column":36}},"1":{"start":{"line":2,"column":19},"end":{"line":2,"column":27}},"2":{"start":{"line":3,"column":19},"end":{"line":20,"column":2}},"3":{"start":{"line":22,"column":0},"end":{"line":22,"column":52}},"4":{"start":{"line":23,"column":0},"end":{"line":23,"column":51}}},"fnMap":{},"branchMap":{},"s":{"0":5,"1":5,"2":5,"3":5,"4":5},"f":{},"b":{},"_coverageSchema":"1a1c01bbd47fc00a2c39e90264f33305004495a9","hash":"f22873748ee1be09ccc795c1d124e1f874ab3a47"}
,"/Users/hilalkocak/projects/Node-ArmaganAmcalarCourse/Course/routes/users.js": {"path":"/Users/hilalkocak/projects/Node-ArmaganAmcalarCourse/Course/routes/users.js","statementMap":{"0":{"start":{"line":2,"column":62},"end":{"line":2,"column":84}},"1":{"start":{"line":3,"column":13},"end":{"line":3,"column":38}},"2":{"start":{"line":4,"column":14},"end":{"line":4,"column":40}},"3":{"start":{"line":5,"column":13},"end":{"line":5,"column":38}},"4":{"start":{"line":7,"column":15},"end":{"line":7,"column":42}},"5":{"start":{"line":9,"column":0},"end":{"line":13,"column":2}},"6":{"start":{"line":10,"column":18},"end":{"line":10,"column":42}},"7":{"start":{"line":12,"column":4},"end":{"line":12,"column":32}},"8":{"start":{"line":15,"column":0},"end":{"line":19,"column":2}},"9":{"start":{"line":16,"column":17},"end":{"line":16,"column":58}},"10":{"start":{"line":17,"column":4},"end":{"line":17,"column":63}},"11":{"start":{"line":17,"column":15},"end":{"line":17,"column":63}},"12":{"start":{"line":18,"column":4},"end":{"line":18,"column":37}},"13":{"start":{"line":21,"column":0},"end":{"line":29,"column":2}},"14":{"start":{"line":22,"column":23},"end":{"line":22,"column":33}},"15":{"start":{"line":23,"column":17},"end":{"line":23,"column":47}},"16":{"start":{"line":24,"column":4},"end":{"line":24,"column":63}},"17":{"start":{"line":24,"column":15},"end":{"line":24,"column":63}},"18":{"start":{"line":25,"column":18},"end":{"line":25,"column":48}},"19":{"start":{"line":26,"column":4},"end":{"line":26,"column":44}},"20":{"start":{"line":27,"column":4},"end":{"line":27,"column":22}},"21":{"start":{"line":33,"column":0},"end":{"line":51,"column":2}},"22":{"start":{"line":34,"column":19},"end":{"line":34,"column":36}},"23":{"start":{"line":35,"column":19},"end":{"line":35,"column":36}},"24":{"start":{"line":37,"column":17},"end":{"line":37,"column":47}},"25":{"start":{"line":38,"column":17},"end":{"line":38,"column":47}},"26":{"start":{"line":39,"column":4},"end":{"line":45,"column":5}},"27":{"start":{"line":40,"column":6},"end":{"line":40,"column":64}},"28":{"start":{"line":41,"column":11},"end":{"line":45,"column":5}},"29":{"start":{"line":42,"column":6},"end":{"line":42,"column":55}},"30":{"start":{"line":43,"column":11},"end":{"line":45,"column":5}},"31":{"start":{"line":44,"column":6},"end":{"line":44,"column":55}},"32":{"start":{"line":46,"column":18},"end":{"line":46,"column":65}},"33":{"start":{"line":48,"column":4},"end":{"line":48,"column":19}},"34":{"start":{"line":49,"column":4},"end":{"line":49,"column":50}},"35":{"start":{"line":53,"column":0},"end":{"line":60,"column":2}},"36":{"start":{"line":54,"column":2},"end":{"line":59,"column":3}},"37":{"start":{"line":55,"column":17},"end":{"line":55,"column":51}},"38":{"start":{"line":56,"column":4},"end":{"line":56,"column":18}},"39":{"start":{"line":58,"column":4},"end":{"line":58,"column":11}},"40":{"start":{"line":62,"column":0},"end":{"line":65,"column":2}},"41":{"start":{"line":63,"column":4},"end":{"line":63,"column":56}},"42":{"start":{"line":64,"column":4},"end":{"line":64,"column":18}},"43":{"start":{"line":69,"column":0},"end":{"line":87,"column":3}},"44":{"start":{"line":70,"column":2},"end":{"line":86,"column":3}},"45":{"start":{"line":71,"column":25},"end":{"line":71,"column":35}},"46":{"start":{"line":72,"column":40},"end":{"line":72,"column":48}},"47":{"start":{"line":75,"column":19},"end":{"line":80,"column":8}},"48":{"start":{"line":82,"column":6},"end":{"line":82,"column":24}},"49":{"start":{"line":83,"column":6},"end":{"line":83,"column":33}},"50":{"start":{"line":85,"column":6},"end":{"line":85,"column":42}},"51":{"start":{"line":90,"column":0},"end":{"line":107,"column":3}},"52":{"start":{"line":91,"column":2},"end":{"line":106,"column":3}},"53":{"start":{"line":92,"column":19},"end":{"line":92,"column":60}},"54":{"start":{"line":93,"column":6},"end":{"line":95,"column":7}},"55":{"start":{"line":94,"column":10},"end":{"line":94,"column":56}},"56":{"start":{"line":97,"column":20},"end":{"line":100,"column":8}},"57":{"start":{"line":102,"column":6},"end":{"line":102,"column":25}},"58":{"start":{"line":103,"column":6},"end":{"line":103,"column":34}},"59":{"start":{"line":105,"column":6},"end":{"line":105,"column":55}},"60":{"start":{"line":109,"column":0},"end":{"line":127,"column":3}},"61":{"start":{"line":110,"column":2},"end":{"line":126,"column":3}},"62":{"start":{"line":111,"column":17},"end":{"line":111,"column":58}},"63":{"start":{"line":112,"column":4},"end":{"line":114,"column":5}},"64":{"start":{"line":113,"column":6},"end":{"line":113,"column":52}},"65":{"start":{"line":116,"column":17},"end":{"line":120,"column":6}},"66":{"start":{"line":122,"column":4},"end":{"line":122,"column":22}},"67":{"start":{"line":123,"column":4},"end":{"line":123,"column":31}},"68":{"start":{"line":125,"column":4},"end":{"line":125,"column":53}},"69":{"start":{"line":131,"column":0},"end":{"line":136,"column":2}},"70":{"start":{"line":132,"column":17},"end":{"line":132,"column":34}},"71":{"start":{"line":133,"column":19},"end":{"line":133,"column":27}},"72":{"start":{"line":134,"column":22},"end":{"line":134,"column":64}},"73":{"start":{"line":135,"column":2},"end":{"line":135,"column":36}},"74":{"start":{"line":139,"column":0},"end":{"line":139,"column":23}}},"fnMap":{"0":{"name":"(anonymous_0)","decl":{"start":{"line":9,"column":16},"end":{"line":9,"column":17}},"loc":{"start":{"line":9,"column":34},"end":{"line":13,"column":1}},"line":9},"1":{"name":"(anonymous_1)","decl":{"start":{"line":15,"column":23},"end":{"line":15,"column":24}},"loc":{"start":{"line":15,"column":41},"end":{"line":19,"column":1}},"line":15},"2":{"name":"(anonymous_2)","decl":{"start":{"line":21,"column":29},"end":{"line":21,"column":30}},"loc":{"start":{"line":21,"column":47},"end":{"line":29,"column":1}},"line":21},"3":{"name":"(anonymous_3)","decl":{"start":{"line":33,"column":42},"end":{"line":33,"column":43}},"loc":{"start":{"line":33,"column":60},"end":{"line":51,"column":1}},"line":33},"4":{"name":"(anonymous_4)","decl":{"start":{"line":53,"column":17},"end":{"line":53,"column":18}},"loc":{"start":{"line":53,"column":41},"end":{"line":60,"column":1}},"line":53},"5":{"name":"(anonymous_5)","decl":{"start":{"line":62,"column":26},"end":{"line":62,"column":27}},"loc":{"start":{"line":62,"column":45},"end":{"line":65,"column":1}},"line":62},"6":{"name":"(anonymous_6)","decl":{"start":{"line":69,"column":29},"end":{"line":69,"column":30}},"loc":{"start":{"line":69,"column":49},"end":{"line":87,"column":1}},"line":69},"7":{"name":"(anonymous_7)","decl":{"start":{"line":90,"column":30},"end":{"line":90,"column":31}},"loc":{"start":{"line":90,"column":50},"end":{"line":107,"column":1}},"line":90},"8":{"name":"(anonymous_8)","decl":{"start":{"line":109,"column":29},"end":{"line":109,"column":30}},"loc":{"start":{"line":109,"column":49},"end":{"line":127,"column":1}},"line":109},"9":{"name":"(anonymous_9)","decl":{"start":{"line":131,"column":25},"end":{"line":131,"column":26}},"loc":{"start":{"line":131,"column":45},"end":{"line":136,"column":1}},"line":131}},"branchMap":{"0":{"loc":{"start":{"line":17,"column":4},"end":{"line":17,"column":63}},"type":"if","locations":[{"start":{"line":17,"column":4},"end":{"line":17,"column":63}},{"start":{},"end":{}}],"line":17},"1":{"loc":{"start":{"line":24,"column":4},"end":{"line":24,"column":63}},"type":"if","locations":[{"start":{"line":24,"column":4},"end":{"line":24,"column":63}},{"start":{},"end":{}}],"line":24},"2":{"loc":{"start":{"line":39,"column":4},"end":{"line":45,"column":5}},"type":"if","locations":[{"start":{"line":39,"column":4},"end":{"line":45,"column":5}},{"start":{"line":41,"column":11},"end":{"line":45,"column":5}}],"line":39},"3":{"loc":{"start":{"line":39,"column":8},"end":{"line":39,"column":22}},"type":"binary-expr","locations":[{"start":{"line":39,"column":8},"end":{"line":39,"column":13}},{"start":{"line":39,"column":17},"end":{"line":39,"column":22}}],"line":39},"4":{"loc":{"start":{"line":41,"column":11},"end":{"line":45,"column":5}},"type":"if","locations":[{"start":{"line":41,"column":11},"end":{"line":45,"column":5}},{"start":{"line":43,"column":11},"end":{"line":45,"column":5}}],"line":41},"5":{"loc":{"start":{"line":43,"column":11},"end":{"line":45,"column":5}},"type":"if","locations":[{"start":{"line":43,"column":11},"end":{"line":45,"column":5}},{"start":{},"end":{}}],"line":43},"6":{"loc":{"start":{"line":93,"column":6},"end":{"line":95,"column":7}},"type":"if","locations":[{"start":{"line":93,"column":6},"end":{"line":95,"column":7}},{"start":{},"end":{}}],"line":93},"7":{"loc":{"start":{"line":112,"column":4},"end":{"line":114,"column":5}},"type":"if","locations":[{"start":{"line":112,"column":4},"end":{"line":114,"column":5}},{"start":{},"end":{}}],"line":112}},"s":{"0":4,"1":4,"2":4,"3":4,"4":4,"5":4,"6":1,"7":1,"8":4,"9":2,"10":2,"11":1,"12":1,"13":4,"14":2,"15":2,"16":2,"17":1,"18":1,"19":1,"20":1,"21":4,"22":4,"23":4,"24":4,"25":4,"26":4,"27":1,"28":3,"29":1,"30":2,"31":1,"32":1,"33":1,"34":1,"35":4,"36":4,"37":4,"38":3,"39":1,"40":4,"41":1,"42":1,"43":4,"44":2,"45":2,"46":2,"47":2,"48":2,"49":1,"50":1,"51":4,"52":3,"53":3,"54":2,"55":1,"56":1,"57":1,"58":1,"59":1,"60":4,"61":3,"62":3,"63":2,"64":1,"65":1,"66":1,"67":1,"68":1,"69":4,"70":1,"71":1,"72":1,"73":1,"74":4},"f":{"0":1,"1":2,"2":2,"3":4,"4":4,"5":1,"6":2,"7":3,"8":3,"9":1},"b":{"0":[1,1],"1":[1,1],"2":[1,3],"3":[4,2],"4":[1,2],"5":[1,1],"6":[1,1],"7":[1,1]},"_coverageSchema":"1a1c01bbd47fc00a2c39e90264f33305004495a9","hash":"41d3c39720de892b44b15dc6142ca36eaf0a2e4a"}
,"/Users/hilalkocak/projects/Node-ArmaganAmcalarCourse/Course/services/book-service.js": {"path":"/Users/hilalkocak/projects/Node-ArmaganAmcalarCourse/Course/services/book-service.js","statementMap":{"0":{"start":{"line":1,"column":20},"end":{"line":1,"column":45}},"1":{"start":{"line":2,"column":13},"end":{"line":2,"column":38}},"2":{"start":{"line":13,"column":0},"end":{"line":13,"column":38}}},"fnMap":{},"branchMap":{},"s":{"0":4,"1":4,"2":4},"f":{},"b":{},"_coverageSchema":"1a1c01bbd47fc00a2c39e90264f33305004495a9","hash":"45248d104aa47185f5ea19c3f385b019639ccbe9"}
,"/Users/hilalkocak/projects/Node-ArmaganAmcalarCourse/Course/services/user-service.js": {"path":"/Users/hilalkocak/projects/Node-ArmaganAmcalarCourse/Course/services/user-service.js","statementMap":{"0":{"start":{"line":1,"column":20},"end":{"line":1,"column":45}},"1":{"start":{"line":2,"column":13},"end":{"line":2,"column":38}},"2":{"start":{"line":6,"column":24},"end":{"line":6,"column":41}},"3":{"start":{"line":7,"column":8},"end":{"line":7,"column":49}},"4":{"start":{"line":7,"column":33},"end":{"line":7,"column":47}},"5":{"start":{"line":12,"column":0},"end":{"line":12,"column":39}}},"fnMap":{"0":{"name":"(anonymous_0)","decl":{"start":{"line":5,"column":4},"end":{"line":5,"column":5}},"loc":{"start":{"line":5,"column":27},"end":{"line":8,"column":5}},"line":5},"1":{"name":"(anonymous_1)","decl":{"start":{"line":7,"column":28},"end":{"line":7,"column":29}},"loc":{"start":{"line":7,"column":33},"end":{"line":7,"column":47}},"line":7}},"branchMap":{},"s":{"0":4,"1":4,"2":1,"3":1,"4":42,"5":4},"f":{"0":1,"1":42},"b":{},"_coverageSchema":"1a1c01bbd47fc00a2c39e90264f33305004495a9","hash":"b6de1786e4ad71b76638a88c5b1d404d8a38559f"}
}
