TN:
SF:index.js
FNF:0
FNH:0
DA:1,4
DA:4,4
DA:5,4
DA:6,4
DA:7,4
DA:9,4
DA:10,4
DA:11,4
DA:13,4
DA:15,4
DA:16,4
DA:18,4
DA:19,4
DA:20,4
DA:21,4
DA:23,4
DA:25,4
LF:17
LH:17
BRF:0
BRH:0
end_of_record
TN:
SF:models/book.js
FNF:0
FNH:0
DA:1,4
DA:2,4
DA:3,4
DA:27,4
DA:28,4
LF:5
LH:5
BRF:0
BRH:0
end_of_record
TN:
SF:models/genre.js
FNF:0
FNH:0
DA:1,4
DA:2,4
DA:3,4
DA:14,4
DA:15,4
LF:5
LH:5
BRF:0
BRH:0
end_of_record
TN:
SF:models/post.js
FNF:0
FNH:0
DA:1,4
DA:3,4
DA:5,4
DA:21,4
DA:23,4
LF:5
LH:5
BRF:0
BRH:0
end_of_record
TN:
SF:models/user.js
FNF:0
FNH:0
DA:1,5
DA:2,5
DA:3,5
DA:22,5
DA:23,5
LF:5
LH:5
BRF:0
BRH:0
end_of_record
TN:
SF:routes/users.js
FN:9,(anonymous_0)
FN:15,(anonymous_1)
FN:21,(anonymous_2)
FN:33,(anonymous_3)
FN:53,(anonymous_4)
FN:62,(anonymous_5)
FN:69,(anonymous_6)
FN:90,(anonymous_7)
FN:109,(anonymous_8)
FN:131,(anonymous_9)
FNF:10
FNH:10
FNDA:1,(anonymous_0)
FNDA:2,(anonymous_1)
FNDA:2,(anonymous_2)
FNDA:4,(anonymous_3)
FNDA:4,(anonymous_4)
FNDA:1,(anonymous_5)
FNDA:2,(anonymous_6)
FNDA:3,(anonymous_7)
FNDA:3,(anonymous_8)
FNDA:1,(anonymous_9)
DA:2,4
DA:3,4
DA:4,4
DA:5,4
DA:7,4
DA:9,4
DA:10,1
DA:12,1
DA:15,4
DA:16,2
DA:17,2
DA:18,1
DA:21,4
DA:22,2
DA:23,2
DA:24,2
DA:25,1
DA:26,1
DA:27,1
DA:33,4
DA:34,4
DA:35,4
DA:37,4
DA:38,4
DA:39,4
DA:40,1
DA:41,3
DA:42,1
DA:43,2
DA:44,1
DA:46,1
DA:48,1
DA:49,1
DA:53,4
DA:54,4
DA:55,4
DA:56,3
DA:58,1
DA:62,4
DA:63,1
DA:64,1
DA:69,4
DA:70,2
DA:71,2
DA:72,2
DA:75,2
DA:82,2
DA:83,1
DA:85,1
DA:90,4
DA:91,3
DA:92,3
DA:93,2
DA:94,1
DA:97,1
DA:102,1
DA:103,1
DA:105,1
DA:109,4
DA:110,3
DA:111,3
DA:112,2
DA:113,1
DA:116,1
DA:122,1
DA:123,1
DA:125,1
DA:131,4
DA:132,1
DA:133,1
DA:134,1
DA:135,1
DA:139,4
LF:73
LH:73
BRDA:17,0,0,1
BRDA:17,0,1,1
BRDA:24,1,0,1
BRDA:24,1,1,1
BRDA:39,2,0,1
BRDA:39,2,1,3
BRDA:39,3,0,4
BRDA:39,3,1,2
BRDA:41,4,0,1
BRDA:41,4,1,2
BRDA:43,5,0,1
BRDA:43,5,1,1
BRDA:93,6,0,1
BRDA:93,6,1,1
BRDA:112,7,0,1
BRDA:112,7,1,1
BRF:16
BRH:16
end_of_record
TN:
SF:services/book-service.js
FNF:0
FNH:0
DA:1,4
DA:2,4
DA:13,4
LF:3
LH:3
BRF:0
BRH:0
end_of_record
TN:
SF:services/user-service.js
FN:5,(anonymous_0)
FN:7,(anonymous_1)
FNF:2
FNH:2
FNDA:1,(anonymous_0)
FNDA:42,(anonymous_1)
DA:1,4
DA:2,4
DA:6,1
DA:7,42
DA:12,4
LF:5
LH:5
BRF:0
BRH:0
end_of_record
