{"/Users/hilalkocak/projects/Node-ArmaganAmcalarCourse/Course/index.js": {"path":"/Users/hilalkocak/projects/Node-ArmaganAmcalarCourse/Course/index.js","statementMap":{"0":{"start":{"line":1,"column":16},"end":{"line":1,"column":34}},"1":{"start":{"line":4,"column":20},"end":{"line":4,"column":45}},"2":{"start":{"line":5,"column":20},"end":{"line":5,"column":45}},"3":{"start":{"line":6,"column":21},"end":{"line":6,"column":47}},"4":{"start":{"line":7,"column":20},"end":{"line":7,"column":45}},"5":{"start":{"line":9,"column":20},"end":{"line":9,"column":45}},"6":{"start":{"line":10,"column":0},"end":{"line":10,"column":29}},"7":{"start":{"line":11,"column":19},"end":{"line":11,"column":41}},"8":{"start":{"line":13,"column":12},"end":{"line":13,"column":21}},"9":{"start":{"line":15,"column":0},"end":{"line":15,"column":26}},"10":{"start":{"line":16,"column":0},"end":{"line":16,"column":29}},"11":{"start":{"line":18,"column":0},"end":{"line":18,"column":30}},"12":{"start":{"line":19,"column":0},"end":{"line":19,"column":30}},"13":{"start":{"line":20,"column":0},"end":{"line":20,"column":32}},"14":{"start":{"line":21,"column":0},"end":{"line":21,"column":30}},"15":{"start":{"line":23,"column":0},"end":{"line":23,"column":25}},"16":{"start":{"line":25,"column":0},"end":{"line":25,"column":20}}},"fnMap":{},"branchMap":{},"s":{"0":1,"1":1,"2":1,"3":1,"4":1,"5":1,"6":1,"7":1,"8":1,"9":1,"10":1,"11":1,"12":1,"13":1,"14":1,"15":1,"16":1},"f":{},"b":{},"_coverageSchema":"1a1c01bbd47fc00a2c39e90264f33305004495a9","hash":"1b91e2ebb3c26845632b07b9cbd12d844792131e"}
,"/Users/hilalkocak/projects/Node-ArmaganAmcalarCourse/Course/lib/print-user-history.js": {"path":"/Users/hilalkocak/projects/Node-ArmaganAmcalarCourse/Course/lib/print-user-history.js","statementMap":{"0":{"start":{"line":1,"column":14},"end":{"line":1,"column":30}},"1":{"start":{"line":13,"column":4},"end":{"line":13,"column":93}},"2":{"start":{"line":17,"column":0},"end":{"line":19,"column":4}}},"fnMap":{"0":{"name":"printUserHistory","decl":{"start":{"line":3,"column":10},"end":{"line":3,"column":26}},"loc":{"start":{"line":3,"column":33},"end":{"line":14,"column":1}},"line":3}},"branchMap":{},"s":{"0":1,"1":1,"2":1},"f":{"0":1},"b":{},"_coverageSchema":"1a1c01bbd47fc00a2c39e90264f33305004495a9","hash":"c8d3311111d52ac23696cdc7b54c927919b3b34b"}
,"/Users/hilalkocak/projects/Node-ArmaganAmcalarCourse/Course/models/book.js": {"path":"/Users/hilalkocak/projects/Node-ArmaganAmcalarCourse/Course/models/book.js","statementMap":{"0":{"start":{"line":1,"column":17},"end":{"line":1,"column":36}},"1":{"start":{"line":2,"column":19},"end":{"line":2,"column":27}},"2":{"start":{"line":3,"column":19},"end":{"line":17,"column":2}},"3":{"start":{"line":19,"column":0},"end":{"line":27,"column":4}},"4":{"start":{"line":20,"column":21},"end":{"line":23,"column":5}},"5":{"start":{"line":25,"column":4},"end":{"line":25,"column":30}},"6":{"start":{"line":26,"column":4},"end":{"line":26,"column":23}},"7":{"start":{"line":29,"column":0},"end":{"line":29,"column":52}},"8":{"start":{"line":30,"column":0},"end":{"line":30,"column":51}}},"fnMap":{"0":{"name":"(anonymous_0)","decl":{"start":{"line":19,"column":30},"end":{"line":19,"column":31}},"loc":{"start":{"line":19,"column":52},"end":{"line":27,"column":3}},"line":19}},"branchMap":{},"s":{"0":1,"1":1,"2":1,"3":1,"4":0,"5":0,"6":0,"7":1,"8":1},"f":{"0":0},"b":{},"_coverageSchema":"1a1c01bbd47fc00a2c39e90264f33305004495a9","hash":"5ea5653af00bc649f8cc8964ac9a529c52f1a5cd"}
,"/Users/hilalkocak/projects/Node-ArmaganAmcalarCourse/Course/models/genre.js": {"path":"/Users/hilalkocak/projects/Node-ArmaganAmcalarCourse/Course/models/genre.js","statementMap":{"0":{"start":{"line":1,"column":17},"end":{"line":1,"column":36}},"1":{"start":{"line":2,"column":19},"end":{"line":2,"column":27}},"2":{"start":{"line":3,"column":20},"end":{"line":11,"column":2}},"3":{"start":{"line":13,"column":0},"end":{"line":13,"column":53}},"4":{"start":{"line":14,"column":0},"end":{"line":14,"column":53}}},"fnMap":{},"branchMap":{},"s":{"0":1,"1":1,"2":1,"3":1,"4":1},"f":{},"b":{},"_coverageSchema":"1a1c01bbd47fc00a2c39e90264f33305004495a9","hash":"b8cb1b8c31f469938f1ecbfd474bb449c14ecb69"}
,"/Users/hilalkocak/projects/Node-ArmaganAmcalarCourse/Course/models/post.js": {"path":"/Users/hilalkocak/projects/Node-ArmaganAmcalarCourse/Course/models/post.js","statementMap":{"0":{"start":{"line":1,"column":17},"end":{"line":1,"column":36}},"1":{"start":{"line":3,"column":19},"end":{"line":3,"column":27}},"2":{"start":{"line":5,"column":19},"end":{"line":17,"column":2}},"3":{"start":{"line":19,"column":0},"end":{"line":19,"column":52}},"4":{"start":{"line":21,"column":0},"end":{"line":21,"column":51}}},"fnMap":{},"branchMap":{},"s":{"0":1,"1":1,"2":1,"3":1,"4":1},"f":{},"b":{},"_coverageSchema":"1a1c01bbd47fc00a2c39e90264f33305004495a9","hash":"75d06d5eb29c64c9d6b4b4fe96bc48d94829419b"}
,"/Users/hilalkocak/projects/Node-ArmaganAmcalarCourse/Course/models/user.js": {"path":"/Users/hilalkocak/projects/Node-ArmaganAmcalarCourse/Course/models/user.js","statementMap":{"0":{"start":{"line":1,"column":17},"end":{"line":1,"column":36}},"1":{"start":{"line":2,"column":19},"end":{"line":2,"column":27}},"2":{"start":{"line":3,"column":19},"end":{"line":17,"column":2}},"3":{"start":{"line":19,"column":0},"end":{"line":19,"column":52}},"4":{"start":{"line":20,"column":0},"end":{"line":20,"column":51}}},"fnMap":{},"branchMap":{},"s":{"0":2,"1":2,"2":2,"3":2,"4":2},"f":{},"b":{},"_coverageSchema":"1a1c01bbd47fc00a2c39e90264f33305004495a9","hash":"9e4ed8e57745c90c824a0dc614610cf882048666"}
,"/Users/hilalkocak/projects/Node-ArmaganAmcalarCourse/Course/routes/users.js": {"path":"/Users/hilalkocak/projects/Node-ArmaganAmcalarCourse/Course/routes/users.js","statementMap":{"0":{"start":{"line":2,"column":62},"end":{"line":2,"column":84}},"1":{"start":{"line":3,"column":13},"end":{"line":3,"column":38}},"2":{"start":{"line":4,"column":14},"end":{"line":4,"column":40}},"3":{"start":{"line":5,"column":13},"end":{"line":5,"column":38}},"4":{"start":{"line":7,"column":15},"end":{"line":7,"column":42}},"5":{"start":{"line":9,"column":0},"end":{"line":13,"column":2}},"6":{"start":{"line":10,"column":18},"end":{"line":10,"column":42}},"7":{"start":{"line":12,"column":4},"end":{"line":12,"column":32}},"8":{"start":{"line":15,"column":0},"end":{"line":19,"column":2}},"9":{"start":{"line":16,"column":17},"end":{"line":16,"column":58}},"10":{"start":{"line":17,"column":4},"end":{"line":17,"column":63}},"11":{"start":{"line":17,"column":15},"end":{"line":17,"column":63}},"12":{"start":{"line":18,"column":4},"end":{"line":18,"column":37}},"13":{"start":{"line":21,"column":0},"end":{"line":34,"column":2}},"14":{"start":{"line":22,"column":2},"end":{"line":33,"column":3}},"15":{"start":{"line":23,"column":23},"end":{"line":23,"column":33}},"16":{"start":{"line":24,"column":17},"end":{"line":24,"column":47}},"17":{"start":{"line":25,"column":4},"end":{"line":25,"column":63}},"18":{"start":{"line":25,"column":15},"end":{"line":25,"column":63}},"19":{"start":{"line":26,"column":18},"end":{"line":26,"column":48}},"20":{"start":{"line":27,"column":4},"end":{"line":27,"column":44}},"21":{"start":{"line":28,"column":4},"end":{"line":28,"column":22}},"22":{"start":{"line":31,"column":4},"end":{"line":31,"column":52}},"23":{"start":{"line":32,"column":4},"end":{"line":32,"column":61}},"24":{"start":{"line":36,"column":0},"end":{"line":55,"column":2}},"25":{"start":{"line":37,"column":2},"end":{"line":54,"column":3}},"26":{"start":{"line":38,"column":19},"end":{"line":38,"column":36}},"27":{"start":{"line":39,"column":19},"end":{"line":39,"column":36}},"28":{"start":{"line":41,"column":17},"end":{"line":41,"column":47}},"29":{"start":{"line":42,"column":17},"end":{"line":42,"column":47}},"30":{"start":{"line":43,"column":4},"end":{"line":43,"column":63}},"31":{"start":{"line":43,"column":15},"end":{"line":43,"column":63}},"32":{"start":{"line":44,"column":4},"end":{"line":44,"column":63}},"33":{"start":{"line":44,"column":15},"end":{"line":44,"column":63}},"34":{"start":{"line":46,"column":18},"end":{"line":46,"column":65}},"35":{"start":{"line":48,"column":4},"end":{"line":48,"column":50}},"36":{"start":{"line":52,"column":4},"end":{"line":52,"column":52}},"37":{"start":{"line":53,"column":4},"end":{"line":53,"column":61}},"38":{"start":{"line":59,"column":0},"end":{"line":67,"column":2}},"39":{"start":{"line":60,"column":2},"end":{"line":65,"column":3}},"40":{"start":{"line":61,"column":17},"end":{"line":61,"column":51}},"41":{"start":{"line":62,"column":4},"end":{"line":62,"column":18}},"42":{"start":{"line":64,"column":4},"end":{"line":64,"column":11}},"43":{"start":{"line":71,"column":0},"end":{"line":74,"column":2}},"44":{"start":{"line":72,"column":4},"end":{"line":72,"column":56}},"45":{"start":{"line":73,"column":4},"end":{"line":73,"column":18}},"46":{"start":{"line":78,"column":0},"end":{"line":96,"column":3}},"47":{"start":{"line":79,"column":2},"end":{"line":95,"column":3}},"48":{"start":{"line":80,"column":25},"end":{"line":80,"column":35}},"49":{"start":{"line":81,"column":40},"end":{"line":81,"column":48}},"50":{"start":{"line":84,"column":19},"end":{"line":89,"column":8}},"51":{"start":{"line":91,"column":6},"end":{"line":91,"column":24}},"52":{"start":{"line":92,"column":6},"end":{"line":92,"column":33}},"53":{"start":{"line":94,"column":6},"end":{"line":94,"column":42}},"54":{"start":{"line":99,"column":0},"end":{"line":116,"column":3}},"55":{"start":{"line":100,"column":2},"end":{"line":115,"column":3}},"56":{"start":{"line":101,"column":19},"end":{"line":101,"column":60}},"57":{"start":{"line":102,"column":6},"end":{"line":104,"column":7}},"58":{"start":{"line":103,"column":10},"end":{"line":103,"column":56}},"59":{"start":{"line":106,"column":20},"end":{"line":109,"column":8}},"60":{"start":{"line":111,"column":6},"end":{"line":111,"column":25}},"61":{"start":{"line":112,"column":6},"end":{"line":112,"column":34}},"62":{"start":{"line":114,"column":6},"end":{"line":114,"column":55}},"63":{"start":{"line":119,"column":0},"end":{"line":137,"column":3}},"64":{"start":{"line":120,"column":2},"end":{"line":136,"column":3}},"65":{"start":{"line":121,"column":19},"end":{"line":121,"column":60}},"66":{"start":{"line":122,"column":6},"end":{"line":124,"column":7}},"67":{"start":{"line":123,"column":10},"end":{"line":123,"column":56}},"68":{"start":{"line":126,"column":19},"end":{"line":130,"column":8}},"69":{"start":{"line":132,"column":6},"end":{"line":132,"column":24}},"70":{"start":{"line":133,"column":6},"end":{"line":133,"column":33}},"71":{"start":{"line":135,"column":6},"end":{"line":135,"column":55}},"72":{"start":{"line":140,"column":0},"end":{"line":145,"column":2}},"73":{"start":{"line":141,"column":20},"end":{"line":141,"column":37}},"74":{"start":{"line":142,"column":17},"end":{"line":142,"column":25}},"75":{"start":{"line":144,"column":2},"end":{"line":144,"column":45}},"76":{"start":{"line":148,"column":0},"end":{"line":148,"column":23}}},"fnMap":{"0":{"name":"(anonymous_0)","decl":{"start":{"line":9,"column":16},"end":{"line":9,"column":17}},"loc":{"start":{"line":9,"column":34},"end":{"line":13,"column":1}},"line":9},"1":{"name":"(anonymous_1)","decl":{"start":{"line":15,"column":23},"end":{"line":15,"column":24}},"loc":{"start":{"line":15,"column":41},"end":{"line":19,"column":1}},"line":15},"2":{"name":"(anonymous_2)","decl":{"start":{"line":21,"column":29},"end":{"line":21,"column":30}},"loc":{"start":{"line":21,"column":47},"end":{"line":34,"column":1}},"line":21},"3":{"name":"(anonymous_3)","decl":{"start":{"line":36,"column":42},"end":{"line":36,"column":43}},"loc":{"start":{"line":36,"column":60},"end":{"line":55,"column":1}},"line":36},"4":{"name":"(anonymous_4)","decl":{"start":{"line":59,"column":17},"end":{"line":59,"column":18}},"loc":{"start":{"line":59,"column":41},"end":{"line":67,"column":1}},"line":59},"5":{"name":"(anonymous_5)","decl":{"start":{"line":71,"column":26},"end":{"line":71,"column":27}},"loc":{"start":{"line":71,"column":45},"end":{"line":74,"column":1}},"line":71},"6":{"name":"(anonymous_6)","decl":{"start":{"line":78,"column":29},"end":{"line":78,"column":30}},"loc":{"start":{"line":78,"column":49},"end":{"line":96,"column":1}},"line":78},"7":{"name":"(anonymous_7)","decl":{"start":{"line":99,"column":30},"end":{"line":99,"column":31}},"loc":{"start":{"line":99,"column":50},"end":{"line":116,"column":1}},"line":99},"8":{"name":"(anonymous_8)","decl":{"start":{"line":119,"column":29},"end":{"line":119,"column":30}},"loc":{"start":{"line":119,"column":49},"end":{"line":137,"column":1}},"line":119},"9":{"name":"(anonymous_9)","decl":{"start":{"line":140,"column":25},"end":{"line":140,"column":26}},"loc":{"start":{"line":140,"column":45},"end":{"line":145,"column":1}},"line":140}},"branchMap":{"0":{"loc":{"start":{"line":17,"column":4},"end":{"line":17,"column":63}},"type":"if","locations":[{"start":{"line":17,"column":4},"end":{"line":17,"column":63}},{"start":{},"end":{}}],"line":17},"1":{"loc":{"start":{"line":25,"column":4},"end":{"line":25,"column":63}},"type":"if","locations":[{"start":{"line":25,"column":4},"end":{"line":25,"column":63}},{"start":{},"end":{}}],"line":25},"2":{"loc":{"start":{"line":43,"column":4},"end":{"line":43,"column":63}},"type":"if","locations":[{"start":{"line":43,"column":4},"end":{"line":43,"column":63}},{"start":{},"end":{}}],"line":43},"3":{"loc":{"start":{"line":44,"column":4},"end":{"line":44,"column":63}},"type":"if","locations":[{"start":{"line":44,"column":4},"end":{"line":44,"column":63}},{"start":{},"end":{}}],"line":44},"4":{"loc":{"start":{"line":102,"column":6},"end":{"line":104,"column":7}},"type":"if","locations":[{"start":{"line":102,"column":6},"end":{"line":104,"column":7}},{"start":{},"end":{}}],"line":102},"5":{"loc":{"start":{"line":122,"column":6},"end":{"line":124,"column":7}},"type":"if","locations":[{"start":{"line":122,"column":6},"end":{"line":124,"column":7}},{"start":{},"end":{}}],"line":122}},"s":{"0":1,"1":1,"2":1,"3":1,"4":1,"5":1,"6":1,"7":1,"8":1,"9":2,"10":2,"11":1,"12":1,"13":1,"14":0,"15":0,"16":0,"17":0,"18":0,"19":0,"20":0,"21":0,"22":0,"23":0,"24":1,"25":0,"26":0,"27":0,"28":0,"29":0,"30":0,"31":0,"32":0,"33":0,"34":0,"35":0,"36":0,"37":0,"38":1,"39":1,"40":1,"41":1,"42":0,"43":1,"44":1,"45":1,"46":1,"47":1,"48":1,"49":1,"50":1,"51":1,"52":1,"53":0,"54":1,"55":1,"56":1,"57":1,"58":0,"59":1,"60":1,"61":1,"62":0,"63":1,"64":0,"65":0,"66":0,"67":0,"68":0,"69":0,"70":0,"71":0,"72":1,"73":0,"74":0,"75":0,"76":1},"f":{"0":1,"1":2,"2":0,"3":0,"4":1,"5":1,"6":1,"7":1,"8":0,"9":0},"b":{"0":[1,1],"1":[0,0],"2":[0,0],"3":[0,0],"4":[0,1],"5":[0,0]},"_coverageSchema":"1a1c01bbd47fc00a2c39e90264f33305004495a9","hash":"9d21bb11494e1bbd60dab57adf9849d9bca9aadc"}
,"/Users/hilalkocak/projects/Node-ArmaganAmcalarCourse/Course/services/user-service.js": {"path":"/Users/hilalkocak/projects/Node-ArmaganAmcalarCourse/Course/services/user-service.js","statementMap":{"0":{"start":{"line":1,"column":20},"end":{"line":1,"column":45}},"1":{"start":{"line":2,"column":13},"end":{"line":2,"column":38}},"2":{"start":{"line":6,"column":24},"end":{"line":6,"column":41}},"3":{"start":{"line":7,"column":8},"end":{"line":7,"column":49}},"4":{"start":{"line":7,"column":33},"end":{"line":7,"column":47}},"5":{"start":{"line":11,"column":8},"end":{"line":27,"column":9}},"6":{"start":{"line":13,"column":32},"end":{"line":17,"column":13}},"7":{"start":{"line":20,"column":12},"end":{"line":22,"column":13}},"8":{"start":{"line":21,"column":16},"end":{"line":21,"column":52}},"9":{"start":{"line":24,"column":12},"end":{"line":24,"column":31}},"10":{"start":{"line":26,"column":12},"end":{"line":26,"column":37}},"11":{"start":{"line":31,"column":24},"end":{"line":31,"column":41}},"12":{"start":{"line":33,"column":8},"end":{"line":35,"column":9}},"13":{"start":{"line":34,"column":12},"end":{"line":34,"column":60}},"14":{"start":{"line":37,"column":22},"end":{"line":37,"column":62}},"15":{"start":{"line":37,"column":45},"end":{"line":37,"column":61}},"16":{"start":{"line":39,"column":8},"end":{"line":41,"column":9}},"17":{"start":{"line":40,"column":12},"end":{"line":40,"column":90}},"18":{"start":{"line":43,"column":8},"end":{"line":45,"column":9}},"19":{"start":{"line":44,"column":12},"end":{"line":44,"column":38}},"20":{"start":{"line":47,"column":8},"end":{"line":47,"column":40}},"21":{"start":{"line":49,"column":8},"end":{"line":49,"column":33}},"22":{"start":{"line":53,"column":8},"end":{"line":69,"column":9}},"23":{"start":{"line":55,"column":25},"end":{"line":55,"column":52}},"24":{"start":{"line":57,"column":12},"end":{"line":59,"column":13}},"25":{"start":{"line":58,"column":16},"end":{"line":58,"column":53}},"26":{"start":{"line":62,"column":12},"end":{"line":62,"column":36}},"27":{"start":{"line":64,"column":12},"end":{"line":64,"column":30}},"28":{"start":{"line":66,"column":12},"end":{"line":66,"column":24}},"29":{"start":{"line":68,"column":12},"end":{"line":68,"column":37}},"30":{"start":{"line":73,"column":22},"end":{"line":73,"column":39}},"31":{"start":{"line":74,"column":21},"end":{"line":74,"column":53}},"32":{"start":{"line":74,"column":37},"end":{"line":74,"column":52}},"33":{"start":{"line":75,"column":8},"end":{"line":75,"column":38}},"34":{"start":{"line":79,"column":0},"end":{"line":79,"column":39}}},"fnMap":{"0":{"name":"(anonymous_0)","decl":{"start":{"line":5,"column":4},"end":{"line":5,"column":5}},"loc":{"start":{"line":5,"column":27},"end":{"line":8,"column":5}},"line":5},"1":{"name":"(anonymous_1)","decl":{"start":{"line":7,"column":28},"end":{"line":7,"column":29}},"loc":{"start":{"line":7,"column":33},"end":{"line":7,"column":47}},"line":7},"2":{"name":"(anonymous_2)","decl":{"start":{"line":10,"column":4},"end":{"line":10,"column":5}},"loc":{"start":{"line":10,"column":38},"end":{"line":28,"column":5}},"line":10},"3":{"name":"(anonymous_3)","decl":{"start":{"line":30,"column":4},"end":{"line":30,"column":5}},"loc":{"start":{"line":30,"column":36},"end":{"line":50,"column":5}},"line":30},"4":{"name":"(anonymous_4)","decl":{"start":{"line":37,"column":40},"end":{"line":37,"column":41}},"loc":{"start":{"line":37,"column":45},"end":{"line":37,"column":61}},"line":37},"5":{"name":"(anonymous_5)","decl":{"start":{"line":52,"column":4},"end":{"line":52,"column":5}},"loc":{"start":{"line":52,"column":40},"end":{"line":70,"column":5}},"line":52},"6":{"name":"(anonymous_6)","decl":{"start":{"line":72,"column":4},"end":{"line":72,"column":5}},"loc":{"start":{"line":72,"column":31},"end":{"line":76,"column":5}},"line":72},"7":{"name":"(anonymous_7)","decl":{"start":{"line":74,"column":32},"end":{"line":74,"column":33}},"loc":{"start":{"line":74,"column":37},"end":{"line":74,"column":52}},"line":74}},"branchMap":{"0":{"loc":{"start":{"line":20,"column":12},"end":{"line":22,"column":13}},"type":"if","locations":[{"start":{"line":20,"column":12},"end":{"line":22,"column":13}},{"start":{},"end":{}}],"line":20},"1":{"loc":{"start":{"line":33,"column":8},"end":{"line":35,"column":9}},"type":"if","locations":[{"start":{"line":33,"column":8},"end":{"line":35,"column":9}},{"start":{},"end":{}}],"line":33},"2":{"loc":{"start":{"line":39,"column":8},"end":{"line":41,"column":9}},"type":"if","locations":[{"start":{"line":39,"column":8},"end":{"line":41,"column":9}},{"start":{},"end":{}}],"line":39},"3":{"loc":{"start":{"line":43,"column":8},"end":{"line":45,"column":9}},"type":"if","locations":[{"start":{"line":43,"column":8},"end":{"line":45,"column":9}},{"start":{},"end":{}}],"line":43},"4":{"loc":{"start":{"line":57,"column":12},"end":{"line":59,"column":13}},"type":"if","locations":[{"start":{"line":57,"column":12},"end":{"line":59,"column":13}},{"start":{},"end":{}}],"line":57},"5":{"loc":{"start":{"line":75,"column":15},"end":{"line":75,"column":37}},"type":"cond-expr","locations":[{"start":{"line":75,"column":22},"end":{"line":75,"column":32}},{"start":{"line":75,"column":35},"end":{"line":75,"column":37}}],"line":75}},"s":{"0":1,"1":1,"2":0,"3":0,"4":0,"5":0,"6":0,"7":0,"8":0,"9":0,"10":0,"11":0,"12":0,"13":0,"14":0,"15":0,"16":0,"17":0,"18":0,"19":0,"20":0,"21":0,"22":0,"23":0,"24":0,"25":0,"26":0,"27":0,"28":0,"29":0,"30":0,"31":0,"32":0,"33":0,"34":1},"f":{"0":0,"1":0,"2":0,"3":0,"4":0,"5":0,"6":0,"7":0},"b":{"0":[0,0],"1":[0,0],"2":[0,0],"3":[0,0],"4":[0,0],"5":[0,0]},"_coverageSchema":"1a1c01bbd47fc00a2c39e90264f33305004495a9","hash":"0434fc981cbcba894762abb14be52b58be19f4fc"}
}
