{"/Users/hilalkocak/projects/Node-ArmaganAmcalarCourse/Course/index.js": {"path":"/Users/hilalkocak/projects/Node-ArmaganAmcalarCourse/Course/index.js","statementMap":{"0":{"start":{"line":1,"column":16},"end":{"line":1,"column":34}},"1":{"start":{"line":4,"column":20},"end":{"line":4,"column":45}},"2":{"start":{"line":5,"column":20},"end":{"line":5,"column":45}},"3":{"start":{"line":6,"column":21},"end":{"line":6,"column":47}},"4":{"start":{"line":7,"column":20},"end":{"line":7,"column":45}},"5":{"start":{"line":9,"column":20},"end":{"line":9,"column":45}},"6":{"start":{"line":10,"column":0},"end":{"line":10,"column":29}},"7":{"start":{"line":11,"column":19},"end":{"line":11,"column":41}},"8":{"start":{"line":13,"column":12},"end":{"line":13,"column":21}},"9":{"start":{"line":15,"column":0},"end":{"line":15,"column":26}},"10":{"start":{"line":16,"column":0},"end":{"line":16,"column":29}},"11":{"start":{"line":18,"column":0},"end":{"line":18,"column":30}},"12":{"start":{"line":19,"column":0},"end":{"line":19,"column":30}},"13":{"start":{"line":20,"column":0},"end":{"line":20,"column":32}},"14":{"start":{"line":21,"column":0},"end":{"line":21,"column":30}},"15":{"start":{"line":23,"column":0},"end":{"line":23,"column":25}},"16":{"start":{"line":25,"column":0},"end":{"line":25,"column":20}}},"fnMap":{},"branchMap":{},"s":{"0":4,"1":4,"2":4,"3":4,"4":4,"5":4,"6":4,"7":4,"8":4,"9":4,"10":4,"11":4,"12":4,"13":4,"14":4,"15":4,"16":4},"f":{},"b":{},"_coverageSchema":"1a1c01bbd47fc00a2c39e90264f33305004495a9","hash":"1b91e2ebb3c26845632b07b9cbd12d844792131e"}
,"/Users/hilalkocak/projects/Node-ArmaganAmcalarCourse/Course/models/book.js": {"path":"/Users/hilalkocak/projects/Node-ArmaganAmcalarCourse/Course/models/book.js","statementMap":{"0":{"start":{"line":1,"column":17},"end":{"line":1,"column":36}},"1":{"start":{"line":2,"column":19},"end":{"line":2,"column":27}},"2":{"start":{"line":3,"column":19},"end":{"line":22,"column":2}},"3":{"start":{"line":26,"column":0},"end":{"line":26,"column":52}},"4":{"start":{"line":27,"column":0},"end":{"line":27,"column":51}}},"fnMap":{},"branchMap":{},"s":{"0":4,"1":4,"2":4,"3":4,"4":4},"f":{},"b":{},"_coverageSchema":"1a1c01bbd47fc00a2c39e90264f33305004495a9","hash":"8b90dfcaf3ad19419e490e0c6cce19491c9fc4e1"}
,"/Users/hilalkocak/projects/Node-ArmaganAmcalarCourse/Course/models/genre.js": {"path":"/Users/hilalkocak/projects/Node-ArmaganAmcalarCourse/Course/models/genre.js","statementMap":{"0":{"start":{"line":1,"column":17},"end":{"line":1,"column":36}},"1":{"start":{"line":2,"column":19},"end":{"line":2,"column":27}},"2":{"start":{"line":3,"column":20},"end":{"line":11,"column":2}},"3":{"start":{"line":13,"column":0},"end":{"line":13,"column":53}},"4":{"start":{"line":14,"column":0},"end":{"line":14,"column":53}}},"fnMap":{},"branchMap":{},"s":{"0":4,"1":4,"2":4,"3":4,"4":4},"f":{},"b":{},"_coverageSchema":"1a1c01bbd47fc00a2c39e90264f33305004495a9","hash":"b8cb1b8c31f469938f1ecbfd474bb449c14ecb69"}
,"/Users/hilalkocak/projects/Node-ArmaganAmcalarCourse/Course/models/post.js": {"path":"/Users/hilalkocak/projects/Node-ArmaganAmcalarCourse/Course/models/post.js","statementMap":{"0":{"start":{"line":1,"column":17},"end":{"line":1,"column":36}},"1":{"start":{"line":3,"column":19},"end":{"line":3,"column":27}},"2":{"start":{"line":5,"column":19},"end":{"line":18,"column":2}},"3":{"start":{"line":20,"column":0},"end":{"line":20,"column":52}},"4":{"start":{"line":22,"column":0},"end":{"line":22,"column":51}}},"fnMap":{},"branchMap":{},"s":{"0":4,"1":4,"2":4,"3":4,"4":4},"f":{},"b":{},"_coverageSchema":"1a1c01bbd47fc00a2c39e90264f33305004495a9","hash":"a4d7c37df023a2756400b7ba9e4eb7a25a638519"}
,"/Users/hilalkocak/projects/Node-ArmaganAmcalarCourse/Course/models/user.js": {"path":"/Users/hilalkocak/projects/Node-ArmaganAmcalarCourse/Course/models/user.js","statementMap":{"0":{"start":{"line":1,"column":17},"end":{"line":1,"column":36}},"1":{"start":{"line":2,"column":19},"end":{"line":2,"column":27}},"2":{"start":{"line":3,"column":19},"end":{"line":17,"column":2}},"3":{"start":{"line":19,"column":0},"end":{"line":19,"column":52}},"4":{"start":{"line":20,"column":0},"end":{"line":20,"column":51}}},"fnMap":{},"branchMap":{},"s":{"0":4,"1":4,"2":4,"3":4,"4":4},"f":{},"b":{},"_coverageSchema":"1a1c01bbd47fc00a2c39e90264f33305004495a9","hash":"9e4ed8e57745c90c824a0dc614610cf882048666"}
,"/Users/hilalkocak/projects/Node-ArmaganAmcalarCourse/Course/routes/users.js": {"path":"/Users/hilalkocak/projects/Node-ArmaganAmcalarCourse/Course/routes/users.js","statementMap":{"0":{"start":{"line":2,"column":62},"end":{"line":2,"column":84}},"1":{"start":{"line":3,"column":13},"end":{"line":3,"column":38}},"2":{"start":{"line":4,"column":14},"end":{"line":4,"column":40}},"3":{"start":{"line":5,"column":13},"end":{"line":5,"column":38}},"4":{"start":{"line":7,"column":15},"end":{"line":7,"column":42}},"5":{"start":{"line":9,"column":0},"end":{"line":13,"column":2}},"6":{"start":{"line":10,"column":18},"end":{"line":10,"column":42}},"7":{"start":{"line":12,"column":4},"end":{"line":12,"column":32}},"8":{"start":{"line":15,"column":0},"end":{"line":19,"column":2}},"9":{"start":{"line":16,"column":17},"end":{"line":16,"column":58}},"10":{"start":{"line":17,"column":4},"end":{"line":17,"column":63}},"11":{"start":{"line":17,"column":15},"end":{"line":17,"column":63}},"12":{"start":{"line":18,"column":4},"end":{"line":18,"column":37}},"13":{"start":{"line":21,"column":0},"end":{"line":33,"column":2}},"14":{"start":{"line":22,"column":2},"end":{"line":32,"column":3}},"15":{"start":{"line":23,"column":23},"end":{"line":23,"column":33}},"16":{"start":{"line":24,"column":17},"end":{"line":24,"column":47}},"17":{"start":{"line":25,"column":4},"end":{"line":25,"column":63}},"18":{"start":{"line":25,"column":15},"end":{"line":25,"column":63}},"19":{"start":{"line":26,"column":18},"end":{"line":26,"column":48}},"20":{"start":{"line":27,"column":4},"end":{"line":27,"column":44}},"21":{"start":{"line":28,"column":4},"end":{"line":28,"column":22}},"22":{"start":{"line":31,"column":4},"end":{"line":31,"column":61}},"23":{"start":{"line":37,"column":0},"end":{"line":54,"column":2}},"24":{"start":{"line":38,"column":19},"end":{"line":38,"column":36}},"25":{"start":{"line":39,"column":19},"end":{"line":39,"column":36}},"26":{"start":{"line":41,"column":17},"end":{"line":41,"column":47}},"27":{"start":{"line":42,"column":17},"end":{"line":42,"column":47}},"28":{"start":{"line":43,"column":4},"end":{"line":49,"column":5}},"29":{"start":{"line":44,"column":6},"end":{"line":44,"column":64}},"30":{"start":{"line":45,"column":11},"end":{"line":49,"column":5}},"31":{"start":{"line":46,"column":6},"end":{"line":46,"column":55}},"32":{"start":{"line":47,"column":11},"end":{"line":49,"column":5}},"33":{"start":{"line":48,"column":6},"end":{"line":48,"column":55}},"34":{"start":{"line":50,"column":18},"end":{"line":50,"column":65}},"35":{"start":{"line":52,"column":4},"end":{"line":52,"column":50}},"36":{"start":{"line":60,"column":0},"end":{"line":68,"column":2}},"37":{"start":{"line":61,"column":2},"end":{"line":66,"column":3}},"38":{"start":{"line":62,"column":17},"end":{"line":62,"column":51}},"39":{"start":{"line":63,"column":4},"end":{"line":63,"column":18}},"40":{"start":{"line":65,"column":4},"end":{"line":65,"column":11}},"41":{"start":{"line":72,"column":0},"end":{"line":75,"column":2}},"42":{"start":{"line":73,"column":4},"end":{"line":73,"column":56}},"43":{"start":{"line":74,"column":4},"end":{"line":74,"column":18}},"44":{"start":{"line":79,"column":0},"end":{"line":97,"column":3}},"45":{"start":{"line":80,"column":2},"end":{"line":96,"column":3}},"46":{"start":{"line":81,"column":25},"end":{"line":81,"column":35}},"47":{"start":{"line":82,"column":40},"end":{"line":82,"column":48}},"48":{"start":{"line":85,"column":19},"end":{"line":90,"column":8}},"49":{"start":{"line":92,"column":6},"end":{"line":92,"column":24}},"50":{"start":{"line":93,"column":6},"end":{"line":93,"column":33}},"51":{"start":{"line":95,"column":6},"end":{"line":95,"column":42}},"52":{"start":{"line":100,"column":0},"end":{"line":117,"column":3}},"53":{"start":{"line":101,"column":2},"end":{"line":116,"column":3}},"54":{"start":{"line":102,"column":19},"end":{"line":102,"column":60}},"55":{"start":{"line":103,"column":6},"end":{"line":105,"column":7}},"56":{"start":{"line":104,"column":10},"end":{"line":104,"column":56}},"57":{"start":{"line":107,"column":20},"end":{"line":110,"column":8}},"58":{"start":{"line":112,"column":6},"end":{"line":112,"column":25}},"59":{"start":{"line":113,"column":6},"end":{"line":113,"column":34}},"60":{"start":{"line":115,"column":6},"end":{"line":115,"column":55}},"61":{"start":{"line":119,"column":0},"end":{"line":137,"column":3}},"62":{"start":{"line":120,"column":2},"end":{"line":136,"column":3}},"63":{"start":{"line":121,"column":17},"end":{"line":121,"column":58}},"64":{"start":{"line":122,"column":4},"end":{"line":124,"column":5}},"65":{"start":{"line":123,"column":6},"end":{"line":123,"column":52}},"66":{"start":{"line":126,"column":17},"end":{"line":130,"column":6}},"67":{"start":{"line":132,"column":4},"end":{"line":132,"column":22}},"68":{"start":{"line":133,"column":4},"end":{"line":133,"column":31}},"69":{"start":{"line":135,"column":4},"end":{"line":135,"column":53}},"70":{"start":{"line":141,"column":0},"end":{"line":146,"column":2}},"71":{"start":{"line":142,"column":17},"end":{"line":142,"column":34}},"72":{"start":{"line":143,"column":19},"end":{"line":143,"column":27}},"73":{"start":{"line":144,"column":22},"end":{"line":144,"column":64}},"74":{"start":{"line":145,"column":2},"end":{"line":145,"column":36}},"75":{"start":{"line":149,"column":0},"end":{"line":149,"column":23}}},"fnMap":{"0":{"name":"(anonymous_0)","decl":{"start":{"line":9,"column":16},"end":{"line":9,"column":17}},"loc":{"start":{"line":9,"column":34},"end":{"line":13,"column":1}},"line":9},"1":{"name":"(anonymous_1)","decl":{"start":{"line":15,"column":23},"end":{"line":15,"column":24}},"loc":{"start":{"line":15,"column":41},"end":{"line":19,"column":1}},"line":15},"2":{"name":"(anonymous_2)","decl":{"start":{"line":21,"column":29},"end":{"line":21,"column":30}},"loc":{"start":{"line":21,"column":47},"end":{"line":33,"column":1}},"line":21},"3":{"name":"(anonymous_3)","decl":{"start":{"line":37,"column":42},"end":{"line":37,"column":43}},"loc":{"start":{"line":37,"column":60},"end":{"line":54,"column":1}},"line":37},"4":{"name":"(anonymous_4)","decl":{"start":{"line":60,"column":17},"end":{"line":60,"column":18}},"loc":{"start":{"line":60,"column":41},"end":{"line":68,"column":1}},"line":60},"5":{"name":"(anonymous_5)","decl":{"start":{"line":72,"column":26},"end":{"line":72,"column":27}},"loc":{"start":{"line":72,"column":45},"end":{"line":75,"column":1}},"line":72},"6":{"name":"(anonymous_6)","decl":{"start":{"line":79,"column":29},"end":{"line":79,"column":30}},"loc":{"start":{"line":79,"column":49},"end":{"line":97,"column":1}},"line":79},"7":{"name":"(anonymous_7)","decl":{"start":{"line":100,"column":30},"end":{"line":100,"column":31}},"loc":{"start":{"line":100,"column":50},"end":{"line":117,"column":1}},"line":100},"8":{"name":"(anonymous_8)","decl":{"start":{"line":119,"column":29},"end":{"line":119,"column":30}},"loc":{"start":{"line":119,"column":49},"end":{"line":137,"column":1}},"line":119},"9":{"name":"(anonymous_9)","decl":{"start":{"line":141,"column":25},"end":{"line":141,"column":26}},"loc":{"start":{"line":141,"column":45},"end":{"line":146,"column":1}},"line":141}},"branchMap":{"0":{"loc":{"start":{"line":17,"column":4},"end":{"line":17,"column":63}},"type":"if","locations":[{"start":{"line":17,"column":4},"end":{"line":17,"column":63}},{"start":{},"end":{}}],"line":17},"1":{"loc":{"start":{"line":25,"column":4},"end":{"line":25,"column":63}},"type":"if","locations":[{"start":{"line":25,"column":4},"end":{"line":25,"column":63}},{"start":{},"end":{}}],"line":25},"2":{"loc":{"start":{"line":43,"column":4},"end":{"line":49,"column":5}},"type":"if","locations":[{"start":{"line":43,"column":4},"end":{"line":49,"column":5}},{"start":{"line":45,"column":11},"end":{"line":49,"column":5}}],"line":43},"3":{"loc":{"start":{"line":43,"column":8},"end":{"line":43,"column":22}},"type":"binary-expr","locations":[{"start":{"line":43,"column":8},"end":{"line":43,"column":13}},{"start":{"line":43,"column":17},"end":{"line":43,"column":22}}],"line":43},"4":{"loc":{"start":{"line":45,"column":11},"end":{"line":49,"column":5}},"type":"if","locations":[{"start":{"line":45,"column":11},"end":{"line":49,"column":5}},{"start":{"line":47,"column":11},"end":{"line":49,"column":5}}],"line":45},"5":{"loc":{"start":{"line":47,"column":11},"end":{"line":49,"column":5}},"type":"if","locations":[{"start":{"line":47,"column":11},"end":{"line":49,"column":5}},{"start":{},"end":{}}],"line":47},"6":{"loc":{"start":{"line":103,"column":6},"end":{"line":105,"column":7}},"type":"if","locations":[{"start":{"line":103,"column":6},"end":{"line":105,"column":7}},{"start":{},"end":{}}],"line":103},"7":{"loc":{"start":{"line":122,"column":4},"end":{"line":124,"column":5}},"type":"if","locations":[{"start":{"line":122,"column":4},"end":{"line":124,"column":5}},{"start":{},"end":{}}],"line":122}},"s":{"0":4,"1":4,"2":4,"3":4,"4":4,"5":4,"6":1,"7":1,"8":4,"9":2,"10":2,"11":1,"12":1,"13":4,"14":1,"15":1,"16":1,"17":1,"18":0,"19":1,"20":1,"21":1,"22":0,"23":4,"24":3,"25":3,"26":3,"27":3,"28":3,"29":1,"30":2,"31":1,"32":1,"33":1,"34":0,"35":0,"36":4,"37":3,"38":3,"39":3,"40":0,"41":4,"42":0,"43":0,"44":4,"45":1,"46":1,"47":1,"48":1,"49":1,"50":1,"51":0,"52":4,"53":2,"54":2,"55":2,"56":1,"57":1,"58":1,"59":1,"60":0,"61":4,"62":2,"63":2,"64":2,"65":1,"66":1,"67":1,"68":1,"69":0,"70":4,"71":1,"72":1,"73":1,"74":1,"75":4},"f":{"0":1,"1":2,"2":1,"3":3,"4":3,"5":0,"6":1,"7":2,"8":2,"9":1},"b":{"0":[1,1],"1":[0,1],"2":[1,2],"3":[3,2],"4":[1,1],"5":[1,0],"6":[1,1],"7":[1,1]},"_coverageSchema":"1a1c01bbd47fc00a2c39e90264f33305004495a9","hash":"019572428952d7aa6870d97b7dfe52e80d51c17e"}
,"/Users/hilalkocak/projects/Node-ArmaganAmcalarCourse/Course/services/book-service.js": {"path":"/Users/hilalkocak/projects/Node-ArmaganAmcalarCourse/Course/services/book-service.js","statementMap":{"0":{"start":{"line":1,"column":20},"end":{"line":1,"column":45}},"1":{"start":{"line":2,"column":13},"end":{"line":2,"column":38}},"2":{"start":{"line":13,"column":0},"end":{"line":13,"column":38}}},"fnMap":{},"branchMap":{},"s":{"0":4,"1":4,"2":4},"f":{},"b":{},"_coverageSchema":"1a1c01bbd47fc00a2c39e90264f33305004495a9","hash":"45248d104aa47185f5ea19c3f385b019639ccbe9"}
,"/Users/hilalkocak/projects/Node-ArmaganAmcalarCourse/Course/services/user-service.js": {"path":"/Users/hilalkocak/projects/Node-ArmaganAmcalarCourse/Course/services/user-service.js","statementMap":{"0":{"start":{"line":1,"column":20},"end":{"line":1,"column":45}},"1":{"start":{"line":2,"column":13},"end":{"line":2,"column":38}},"2":{"start":{"line":6,"column":24},"end":{"line":6,"column":41}},"3":{"start":{"line":7,"column":8},"end":{"line":7,"column":49}},"4":{"start":{"line":7,"column":33},"end":{"line":7,"column":47}},"5":{"start":{"line":12,"column":0},"end":{"line":12,"column":39}}},"fnMap":{"0":{"name":"(anonymous_0)","decl":{"start":{"line":5,"column":4},"end":{"line":5,"column":5}},"loc":{"start":{"line":5,"column":27},"end":{"line":8,"column":5}},"line":5},"1":{"name":"(anonymous_1)","decl":{"start":{"line":7,"column":28},"end":{"line":7,"column":29}},"loc":{"start":{"line":7,"column":33},"end":{"line":7,"column":47}},"line":7}},"branchMap":{},"s":{"0":4,"1":4,"2":1,"3":1,"4":42,"5":4},"f":{"0":1,"1":42},"b":{},"_coverageSchema":"1a1c01bbd47fc00a2c39e90264f33305004495a9","hash":"b6de1786e4ad71b76638a88c5b1d404d8a38559f"}
}
