TN:
SF:index.js
FNF:0
FNH:0
DA:1,4
DA:4,4
DA:5,4
DA:6,4
DA:7,4
DA:9,4
DA:10,4
DA:11,4
DA:13,4
DA:15,4
DA:16,4
DA:18,4
DA:19,4
DA:20,4
DA:21,4
DA:23,4
DA:25,4
LF:17
LH:17
BRF:0
BRH:0
end_of_record
TN:
SF:models/book.js
FNF:0
FNH:0
DA:1,4
DA:2,4
DA:3,4
DA:26,4
DA:27,4
LF:5
LH:5
BRF:0
BRH:0
end_of_record
TN:
SF:models/genre.js
FNF:0
FNH:0
DA:1,4
DA:2,4
DA:3,4
DA:13,4
DA:14,4
LF:5
LH:5
BRF:0
BRH:0
end_of_record
TN:
SF:models/post.js
FNF:0
FNH:0
DA:1,4
DA:3,4
DA:5,4
DA:20,4
DA:22,4
LF:5
LH:5
BRF:0
BRH:0
end_of_record
TN:
SF:models/user.js
FNF:0
FNH:0
DA:1,4
DA:2,4
DA:3,4
DA:19,4
DA:20,4
LF:5
LH:5
BRF:0
BRH:0
end_of_record
TN:
SF:routes/users.js
FN:9,(anonymous_0)
FN:15,(anonymous_1)
FN:21,(anonymous_2)
FN:37,(anonymous_3)
FN:60,(anonymous_4)
FN:72,(anonymous_5)
FN:79,(anonymous_6)
FN:100,(anonymous_7)
FN:119,(anonymous_8)
FN:141,(anonymous_9)
FNF:10
FNH:9
FNDA:1,(anonymous_0)
FNDA:2,(anonymous_1)
FNDA:1,(anonymous_2)
FNDA:3,(anonymous_3)
FNDA:3,(anonymous_4)
FNDA:0,(anonymous_5)
FNDA:1,(anonymous_6)
FNDA:2,(anonymous_7)
FNDA:2,(anonymous_8)
FNDA:1,(anonymous_9)
DA:2,4
DA:3,4
DA:4,4
DA:5,4
DA:7,4
DA:9,4
DA:10,1
DA:12,1
DA:15,4
DA:16,2
DA:17,2
DA:18,1
DA:21,4
DA:22,1
DA:23,1
DA:24,1
DA:25,1
DA:26,1
DA:27,1
DA:28,1
DA:31,0
DA:37,4
DA:38,3
DA:39,3
DA:41,3
DA:42,3
DA:43,3
DA:44,1
DA:45,2
DA:46,1
DA:47,1
DA:48,1
DA:50,0
DA:52,0
DA:60,4
DA:61,3
DA:62,3
DA:63,3
DA:65,0
DA:72,4
DA:73,0
DA:74,0
DA:79,4
DA:80,1
DA:81,1
DA:82,1
DA:85,1
DA:92,1
DA:93,1
DA:95,0
DA:100,4
DA:101,2
DA:102,2
DA:103,2
DA:104,1
DA:107,1
DA:112,1
DA:113,1
DA:115,0
DA:119,4
DA:120,2
DA:121,2
DA:122,2
DA:123,1
DA:126,1
DA:132,1
DA:133,1
DA:135,0
DA:141,4
DA:142,1
DA:143,1
DA:144,1
DA:145,1
DA:149,4
LF:74
LH:65
BRDA:17,0,0,1
BRDA:17,0,1,1
BRDA:25,1,0,0
BRDA:25,1,1,1
BRDA:43,2,0,1
BRDA:43,2,1,2
BRDA:43,3,0,3
BRDA:43,3,1,2
BRDA:45,4,0,1
BRDA:45,4,1,1
BRDA:47,5,0,1
BRDA:47,5,1,0
BRDA:103,6,0,1
BRDA:103,6,1,1
BRDA:122,7,0,1
BRDA:122,7,1,1
BRF:16
BRH:14
end_of_record
TN:
SF:services/book-service.js
FNF:0
FNH:0
DA:1,4
DA:2,4
DA:13,4
LF:3
LH:3
BRF:0
BRH:0
end_of_record
TN:
SF:services/user-service.js
FN:5,(anonymous_0)
FN:7,(anonymous_1)
FNF:2
FNH:2
FNDA:1,(anonymous_0)
FNDA:42,(anonymous_1)
DA:1,4
DA:2,4
DA:6,1
DA:7,42
DA:12,4
LF:5
LH:5
BRF:0
BRH:0
end_of_record
